<?xml version="1.0" encoding="UTF-8"?>
<testng-results ignored="0" total="1" passed="1" failed="0" skipped="0">
  <reporter-output>
  </reporter-output>
  <suite started-at="2025-10-27T11:02:40 IST" name="Default suite" finished-at="2025-10-27T11:04:06 IST" duration-ms="86083">
    <groups>
    </groups>
    <test started-at="2025-10-27T11:02:40 IST" name="Default test" finished-at="2025-10-27T11:04:06 IST" duration-ms="86083">
      <class name="Browserpack.ScriptCoding">
        <test-method is-config="true" signature="OpenBrowser()[pri:0, instance:Browserpack.ScriptCoding@408d971b]" started-at="2025-10-27T11:02:40 IST" name="OpenBrowser" finished-at="2025-10-27T11:02:41 IST" duration-ms="1634" status="PASS">
          <reporter-output>
          </reporter-output>
        </test-method> <!-- OpenBrowser -->
        <test-method signature="TestCases()[pri:0, instance:Browserpack.ScriptCoding@408d971b]" started-at="2025-10-27T11:02:41 IST" name="TestCases" finished-at="2025-10-27T11:04:06 IST" duration-ms="84383" status="PASS">
          <reporter-output>
          </reporter-output>
        </test-method> <!-- TestCases -->
        <test-method is-config="true" signature="CloseBrowser()[pri:0, instance:Browserpack.ScriptCoding@408d971b]" started-at="2025-10-27T11:04:06 IST" name="CloseBrowser" finished-at="2025-10-27T11:04:06 IST" duration-ms="0" status="PASS">
          <reporter-output>
          </reporter-output>
        </test-method> <!-- CloseBrowser -->
      </class> <!-- Browserpack.ScriptCoding -->
    </test> <!-- Default test -->
  </suite> <!-- Default suite -->
</testng-results>
